
 -----------------------------------------------
              Py_RESP Version 1.0
 -----------------------------------------------
 *Generated by PyRESP GEN v1.0 1st*
 -----------------------------------------------

 ------------------
 Control Parameters
 ------------------
 nmol        = 1   iqopt       = 1
 ihfree      = 1   irstrnt     = 1
 ioutopt     = 1   ireornt     = 0
 iquad       = 1   qwt         = 0.00050000

 --------------------
 Molecule Information
 --------------------
 Single-molecule run

 Molecule 1 weight:     1.000 
 Molecule 1 name: EQU_b3lyp_opt_esp_HF
 Total charge (ich): -1
 Number of centers: 37
    1    6    0
    2    8    0
    3    6    0
    4    6    0
    5    6    0
    6    6    0
    7    6    0
    8    6    0
    9    6    0
   10    6    0
   11    6    0
   12    6    0
   13    6    0
   14    6    0
   15    6    0
   16    6    0
   17    6    0
   18    6    0
   19    8    0
   20    6    0
   21    1    0
   22    1    0
   23    1    0
   24    1    0
   25    1    0
   26    1    0
   27    1    0
   28    1    0
   29    1    0
   30    1    0
   31    1    0
   32    1    0
   33    1    0
   34    1    0
   35    1    0
   36    1    0
   37    1    0

 -----------------------------
 Atom Ivary Information
 -----------------------------
    6    0
    8    0
    6    0
    6    0
    6    0
    6    0
    6    0
    6    0
    6    0
    6    0
    6    0
    6    0
    6    0
    6    0
    6    0
    6    0
    6    0
    6    0
    8    0
    6    0
    1    0
    1    0
    1    0
    1    0
    1    0
    1    0
    1    0
    1    0
    1    0
    1    0
    1    0
    1    0
    1    0
    1    0
    1    0
    1    0
    1    0

 -------------------------
 Input Information Summary
 -------------------------
 Total number of atoms      =   37
 Weight factor on initial charge restraints=  0.000500
 There are  1 charge constraints

 --------------------------------------
 Atomic and ESP Coordinates Information
 --------------------------------------
 Reading esp's for molecule   1
 total number of atoms      =    37
 total number of esp points =  8739

 center       X               Y               Z
    1   8.8481090E+00  -2.6462400E-01   2.0488220E-01
    2   1.1227463E+01  -2.0058308E-01   4.0454120E-01
    3   7.2475603E+00   1.9059191E+00   1.5612916E-01
    4   4.6097333E+00   1.7733699E+00  -6.8355168E-02
    5   3.3343232E+00  -6.3373473E-01  -2.7265156E-01
    6   4.9133877E+00  -2.8233961E+00  -2.2204280E-01
    7   7.4849363E+00  -2.6586158E+00   1.3398157E-03
    8   3.0674807E+00   3.9880210E+00  -9.4310555E-02
    9   4.8686333E-01   3.8392713E+00  -3.0269442E-01
   10  -7.6849865E-01   1.4803717E+00  -4.9916923E-01
   11   6.5447636E-01  -7.4282105E-01  -4.9857775E-01
   12  -3.5927546E+00   1.3310191E+00  -8.5457567E-01
   13  -4.7278299E+00  -1.0990004E+00   2.9998833E-01
   14  -3.5138378E+00  -3.3483923E+00  -1.0343302E+00
   15  -6.1753600E-01  -3.3338697E+00  -6.3414102E-01
   16  -5.3639834E+00   3.4517357E+00   7.1820926E-02
   17  -8.0022601E+00   2.2178864E+00  -1.5460037E-01
   18  -7.5472973E+00  -6.5778527E-01  -1.1324372E-01
   19  -9.1795915E+00  -2.2425851E+00  -3.6034807E-01
   20  -4.3734363E+00  -1.2767537E+00   3.2053173E+00
   21   4.0610457E+00  -4.6840430E+00  -3.6376658E-01
   22   8.6343224E+00  -4.3610756E+00   3.2047863E-02
   23   3.9833685E+00   5.8187214E+00   6.5051927E-02
   24  -6.2260991E-01   5.5671422E+00  -3.1358491E-01
   25  -3.9769132E+00   1.1751979E+00  -2.9031898E+00
   26  -3.9478681E+00  -3.2169202E+00  -3.0549594E+00
   27  -4.3143673E+00  -5.1375527E+00  -3.7247822E-01
   28  -1.7401353E-01  -4.3588231E+00   1.1131903E+00
   29   2.5184000E-01  -4.4503463E+00  -2.1437940E+00
   30  -5.2028314E+00   5.1681474E+00  -1.0624002E+00
   31   8.1466787E+00   3.7471358E+00   3.0544586E-01
   32  -4.9384663E+00   3.9686532E+00   2.0268124E+00
   33  -8.9185486E+00   2.6694893E+00  -1.9546778E+00
   34  -9.3359947E+00   2.7436875E+00   1.3338612E+00
   35  -5.3311438E+00   2.5395839E-01   4.2097237E+00
   36  -5.1597041E+00  -3.0626222E+00   3.8863859E+00
   37  -2.3744010E+00  -1.1870011E+00   3.6981068E+00


 ------------------------
 Optimization Information
 ------------------------
 iqopt=1, all q0 values will be set to 0

 Number of unique UNfrozen charge centers =    37

 Non-linear optimization requested.
  qchnge =    5.0698028461E-02
  qchnge =    3.1341562339E-03
  qchnge =    6.4097218884E-04
  qchnge =    1.5536017034E-04
  qchnge =    3.9351586515E-05
  qchnge =    1.0109513589E-05
  qchnge =    2.6104023692E-06
  qchnge =    6.7540336114E-07

 Convergence in    7 iterations

 -----------------------
 Fitting Results Summary
 -----------------------
 molecule 1: EQU_b3lyp_opt_esp_HF

          Point Charges Before & After Optimization
 atm.no   element.no   q(init)        q(opt)     ivary    d(rstr)/dq
    1         6        0.000000      0.721403      0       0.000687
    2         8        0.000000     -0.788113      0       0.000629
    3         6        0.000000     -0.668753      0       0.000739
    4         6        0.000000      0.267109      0       0.001753
    5         6        0.000000     -0.094515      0       0.003634
    6         6        0.000000     -0.147656      0       0.002804
    7         6        0.000000     -0.381522      0       0.001268
    8         6        0.000000     -0.253255      0       0.001836
    9         6        0.000000     -0.230508      0       0.001990
   10         6        0.000000     -0.187628      0       0.002352
   11         6        0.000000     -0.012949      0       0.004959
   12         6        0.000000      0.225383      0       0.002028
   13         6        0.000000      0.283197      0       0.001665
   14         6        0.000000     -0.285478      0       0.001653
   15         6        0.000000      0.057197      0       0.004340
   16         6        0.000000     -0.113001      0       0.003314
   17         6        0.000000     -0.281137      0       0.001676
   18         6        0.000000      0.513985      0       0.000955
   19         8        0.000000     -0.578523      0       0.000852
   20         6        0.000000     -0.424693      0       0.001146
   21         1        0.000000      0.102262      0       0.000000
   22         1        0.000000      0.136382      0       0.000000
   23         1        0.000000      0.137737      0       0.000000
   24         1        0.000000      0.124241      0       0.000000
   25         1        0.000000     -0.033970      0       0.000000
   26         1        0.000000      0.051310      0       0.000000
   27         1        0.000000      0.058077      0       0.000000
   28         1        0.000000      0.029532      0       0.000000
   29         1        0.000000      0.036293      0       0.000000
   30         1        0.000000      0.044770      0       0.000000
   31         1        0.000000      0.171147      0       0.000000
   32         1        0.000000      0.033936      0       0.000000
   33         1        0.000000      0.083892      0       0.000000
   34         1        0.000000      0.093965      0       0.000000
   35         1        0.000000      0.093246      0       0.000000
   36         1        0.000000      0.100012      0       0.000000
   37         1        0.000000      0.116628      0       0.000000

 Sum over the calculated charges:     -1.000

 --------------------------
 Fitting Statistics Summary
 --------------------------
 The initial sum of squares  (ssvpot = sum_i(espi**2))          9.5394748E+01
 The residual sum of squares (RSS = sum_i((espi-espclci)**2))   1.2537710E-02
 The root-mean-squared error (RMSE = sqrt(RSS/N))               1.1977833E-03
 The relative RMSE           (RRMSE = sqrt(RSS/ssvpot))         1.1464283E-02

 ---------------------------
 Molecular Multipole Summary
 ---------------------------
 Dipole Moments (Debye):
 #MOL         D          Dx         Dy         Dz
   1       15.13374  -15.09421    1.09299   -0.01608

 Traceless Quadrupole Moments (Debye*Angst.):
 #MOL          X          Y          Z
   1    X  -85.95204
        Y  -12.69364   43.50583
        Z   -4.88932   -0.27742   42.44621

 Traceless Quadrupole Moments in Principal Axes (Debye*Angst.):
 #MOL          X          Y          Z
   1    X   44.75687
        Y    0.00000   42.61251
        Z    0.00000    0.00000  -87.36939